npm WARN ignoring workspace config at E:\Portfolio\apps\lab/.npmrc 

> lab@0.1.0 build
> next build

  ▲ Next.js 14.2.29

   Creating an optimized production build ...
 ✓ Compiled successfully
   Linting and checking validity of types ...
   Collecting page data ...
   Generating static pages (0/5) ...
   Generating static pages (1/5) 
   Generating static pages (2/5) 
   Generating static pages (3/5) 
 ✓ Generating static pages (5/5)
   Finalizing page optimization ...
   Collecting build traces ...

Route (app)                              Size     First Load JS
┌ ○ /                                    17 kB           149 kB
├ ○ /_not-found                          873 B          88.2 kB
└ ○ /code-factory                        9.79 kB         142 kB
+ First Load JS shared by all            87.4 kB
  ├ chunks/117-5769519f1981c676.js       31.6 kB
  ├ chunks/fd9d1056-8ef33f5ef9456d1f.js  53.6 kB
  └ other shared chunks (total)          2.14 kB


○  (Static)  prerendered as static content

