
> @geekslab/cv@0.1.0 build
> next build

   ▲ Next.js 16.0.3 (Turbopack)

   Creating an optimized production build ...

> Build error occurred
Error: Turbopack build failed with 11 errors:
./apps/cv/app/globals.css
Error evaluating Node.js code
Error: It looks like you're trying to use `tailwindcss` directly as a PostCSS plugin. The PostCSS plugin has moved to a separate package, so to continue using Tailwind CSS with PostCSS you'll need to install `@tailwindcss/postcss` and update your PostCSS configuration.
    [at at (E:\Portfolio\node_modules\tailwindcss\dist\lib.js:38:1629)]
    at turbopack:///[turbopack-node]/transforms/postcss.ts:56:14 [E:\Portfolio\apps\cv\.next\build\chunks\[root-of-the-server]__0ecc8d8a._.js:139:20]
    [at <anonymous>]
    at Module.init (turbopack:///[turbopack-node]/transforms/postcss.ts:43:33) [E:\Portfolio\apps\cv\.next\build\chunks\[root-of-the-server]__0ecc8d8a._.js:129:35]
    at run (turbopack:///[turbopack-node]/ipc/evaluate.ts:77:20) [E:\Portfolio\apps\cv\.next\build\chunks\[root-of-the-server]__4eb608c8._.js:429:26]
    [at process.processTicksAndRejections (node:internal/process/task_queues:105:5)]

Import trace:
  Client Component Browser:
    ./apps/cv/app/globals.css [Client Component Browser]
    ./apps/cv/app/layout.tsx [Server Component]


./packages/ui/src/components/bento-grid.tsx:3:1
Module not found: Can't resolve '@/lib/utils'
[0m [90m 1 |[39m [32m"use client"[39m[33m;[39m
 [90m 2 |[39m
[31m[1m>[22m[39m[90m 3 |[39m [36mimport[39m { cn } [36mfrom[39m [32m"@/lib/utils"[39m[33m;[39m
 [90m   |[39m [31m[1m^[22m[39m[31m[1m^[22m[39m[31m[1m^[22m[39m[31m[1m^[22m[39m[31m[1m^[22m[39m[31m[1m^[22m[39m[31m[1m^[22m[39m[31m[1m^[22m[39m[31m[1m^[22m[39m[31m[1m^[22m[39m[31m[1m^[22m[39m[31m[1m^[22m[39m[31m[1m^[22m[39m[31m[1m^[22m[39m[31m[1m^[22m[39m[31m[1m^[22m[39m[31m[1m^[22m[39m[31m[1m^[22m[39m[31m[1m^[22m[39m[31m[1m^[22m[39m[31m[1m^[22m[39m[31m[1m^[22m[39m[31m[1m^[22m[39m[31m[1m^[22m[39m[31m[1m^[22m[39m[31m[1m^[22m[39m[31m[1m^[22m[39m[31m[1m^[22m[39m[31m[1m^[22m[39m[31m[1m^[22m[39m[31m[1m^[22m[39m[31m[1m^[22m[39m[31m[1m^[22m[39m
 [90m 4 |[39m [36mimport[39m { useRef[33m,[39m useEffect } [36mfrom[39m [32m"react"[39m[33m;[39m
 [90m 5 |[39m [36mimport[39m { animate[33m,[39m stagger } [36mfrom[39m [32m"animejs"[39m[33m;[39m
 [90m 6 |[39m [36mimport[39m [33mLink[39m [36mfrom[39m [32m"next/link"[39m[33m;[39m[0m

Import map: aliased to relative './app/lib/utils' inside of [project]/apps/cv


Import traces:
  Server Component:
    ./packages/ui/src/components/bento-grid.tsx
    ./packages/ui/src/index.tsx
    ./apps/cv/app/layout.tsx

  Client Component Browser:
    ./packages/ui/src/components/bento-grid.tsx [Client Component Browser]
    ./packages/ui/src/index.tsx [Client Component Browser]
    ./packages/ui/src/components/project-showcase.tsx [Client Component Browser]
    ./packages/ui/src/components/project-showcase.tsx [Server Component]
    ./packages/ui/src/index.tsx [Server Component]
    ./apps/cv/app/layout.tsx [Server Component]

  Client Component SSR:
    ./packages/ui/src/components/bento-grid.tsx [Client Component SSR]
    ./packages/ui/src/index.tsx [Client Component SSR]
    ./packages/ui/src/components/project-showcase.tsx [Client Component SSR]
    ./packages/ui/src/components/project-showcase.tsx [Server Component]
    ./packages/ui/src/index.tsx [Server Component]
    ./apps/cv/app/layout.tsx [Server Component]

https://nextjs.org/docs/messages/module-not-found


./packages/ui/src/components/meteors.tsx:3:1
Module not found: Can't resolve '@/lib/utils'
[0m [90m 1 |[39m [32m"use client"[39m[33m;[39m
 [90m 2 |[39m
[31m[1m>[22m[39m[90m 3 |[39m [36mimport[39m { cn } [36mfrom[39m [32m"@/lib/utils"[39m[33m;[39m
 [90m   |[39m [31m[1m^[22m[39m[31m[1m^[22m[39m[31m[1m^[22m[39m[31m[1m^[22m[39m[31m[1m^[22m[39m[31m[1m^[22m[39m[31m[1m^[22m[39m[31m[1m^[22m[39m[31m[1m^[22m[39m[31m[1m^[22m[39m[31m[1m^[22m[39m[31m[1m^[22m[39m[31m[1m^[22m[39m[31m[1m^[22m[39m[31m[1m^[22m[39m[31m[1m^[22m[39m[31m[1m^[22m[39m[31m[1m^[22m[39m[31m[1m^[22m[39m[31m[1m^[22m[39m[31m[1m^[22m[39m[31m[1m^[22m[39m[31m[1m^[22m[39m[31m[1m^[22m[39m[31m[1m^[22m[39m[31m[1m^[22m[39m[31m[1m^[22m[39m[31m[1m^[22m[39m[31m[1m^[22m[39m[31m[1m^[22m[39m[31m[1m^[22m[39m[31m[1m^[22m[39m[31m[1m^[22m[39m
 [90m 4 |[39m [36mimport[39m [33mReact[39m [36mfrom[39m [32m"react"[39m[33m;[39m
 [90m 5 |[39m
 [90m 6 |[39m [36mexport[39m [36mconst[39m [33mMeteors[39m [33m=[39m ({[0m

Import map: aliased to relative './app/lib/utils' inside of [project]/apps/cv


Import traces:
  Server Component:
    ./packages/ui/src/components/meteors.tsx
    ./packages/ui/src/index.tsx
    ./apps/cv/app/layout.tsx

  Client Component Browser:
    ./packages/ui/src/components/meteors.tsx [Client Component Browser]
    ./packages/ui/src/index.tsx [Client Component Browser]
    ./packages/ui/src/components/project-showcase.tsx [Client Component Browser]
    ./packages/ui/src/components/project-showcase.tsx [Server Component]
    ./packages/ui/src/index.tsx [Server Component]
    ./apps/cv/app/layout.tsx [Server Component]

  Client Component SSR:
    ./packages/ui/src/components/meteors.tsx [Client Component SSR]
    ./packages/ui/src/index.tsx [Client Component SSR]
    ./packages/ui/src/components/project-showcase.tsx [Client Component SSR]
    ./packages/ui/src/components/project-showcase.tsx [Server Component]
    ./packages/ui/src/index.tsx [Server Component]
    ./apps/cv/app/layout.tsx [Server Component]

https://nextjs.org/docs/messages/module-not-found


./packages/ui/src/components/sparkles.tsx:4:1
Module not found: Can't resolve '@/lib/utils'
[0m [90m 2 |[39m [36mimport[39m [33mReact[39m[33m,[39m { useEffect[33m,[39m useState } [36mfrom[39m [32m"react"[39m[33m;[39m
 [90m 3 |[39m [36mimport[39m { motion[33m,[39m useAnimation } [36mfrom[39m [32m"framer-motion"[39m[33m;[39m
[31m[1m>[22m[39m[90m 4 |[39m [36mimport[39m { cn } [36mfrom[39m [32m"@/lib/utils"[39m[33m;[39m
 [90m   |[39m [31m[1m^[22m[39m[31m[1m^[22m[39m[31m[1m^[22m[39m[31m[1m^[22m[39m[31m[1m^[22m[39m[31m[1m^[22m[39m[31m[1m^[22m[39m[31m[1m^[22m[39m[31m[1m^[22m[39m[31m[1m^[22m[39m[31m[1m^[22m[39m[31m[1m^[22m[39m[31m[1m^[22m[39m[31m[1m^[22m[39m[31m[1m^[22m[39m[31m[1m^[22m[39m[31m[1m^[22m[39m[31m[1m^[22m[39m[31m[1m^[22m[39m[31m[1m^[22m[39m[31m[1m^[22m[39m[31m[1m^[22m[39m[31m[1m^[22m[39m[31m[1m^[22m[39m[31m[1m^[22m[39m[31m[1m^[22m[39m[31m[1m^[22m[39m[31m[1m^[22m[39m[31m[1m^[22m[39m[31m[1m^[22m[39m[31m[1m^[22m[39m[31m[1m^[22m[39m[31m[1m^[22m[39m
 [90m 5 |[39m
 [90m 6 |[39m [36mexport[39m [36mconst[39m [33mSparklesCore[39m [33m=[39m ({
 [90m 7 |[39m     id[33m,[39m[0m

Import map: aliased to relative './app/lib/utils' inside of [project]/apps/cv


Import traces:
  Server Component:
    ./packages/ui/src/components/sparkles.tsx
    ./packages/ui/src/index.tsx
    ./apps/cv/app/layout.tsx

  Client Component Browser:
    ./packages/ui/src/components/sparkles.tsx [Client Component Browser]
    ./packages/ui/src/index.tsx [Client Component Browser]
    ./packages/ui/src/components/project-showcase.tsx [Client Component Browser]
    ./packages/ui/src/components/project-showcase.tsx [Server Component]
    ./packages/ui/src/index.tsx [Server Component]
    ./apps/cv/app/layout.tsx [Server Component]

  Client Component SSR:
    ./packages/ui/src/components/sparkles.tsx [Client Component SSR]
    ./packages/ui/src/index.tsx [Client Component SSR]
    ./packages/ui/src/components/project-showcase.tsx [Client Component SSR]
    ./packages/ui/src/components/project-showcase.tsx [Server Component]
    ./packages/ui/src/index.tsx [Server Component]
    ./apps/cv/app/layout.tsx [Server Component]

https://nextjs.org/docs/messages/module-not-found


./packages/ui/src/components/spotlight.tsx:5:1
Module not found: Can't resolve '@/lib/utils'
[0m [90m 3 |[39m [36mimport[39m [33mReact[39m[33m,[39m { useRef[33m,[39m useState[33m,[39m useEffect } [36mfrom[39m [32m"react"[39m[33m;[39m
 [90m 4 |[39m [36mimport[39m { motion[33m,[39m useSpring[33m,[39m useMotionTemplate[33m,[39m useMotionValue } [36mfrom[39m [32m"framer-motion"[39m[33m;[39m
[31m[1m>[22m[39m[90m 5 |[39m [36mimport[39m { cn } [36mfrom[39m [32m"@/lib/utils"[39m[33m;[39m
 [90m   |[39m [31m[1m^[22m[39m[31m[1m^[22m[39m[31m[1m^[22m[39m[31m[1m^[22m[39m[31m[1m^[22m[39m[31m[1m^[22m[39m[31m[1m^[22m[39m[31m[1m^[22m[39m[31m[1m^[22m[39m[31m[1m^[22m[39m[31m[1m^[22m[39m[31m[1m^[22m[39m[31m[1m^[22m[39m[31m[1m^[22m[39m[31m[1m^[22m[39m[31m[1m^[22m[39m[31m[1m^[22m[39m[31m[1m^[22m[39m[31m[1m^[22m[39m[31m[1m^[22m[39m[31m[1m^[22m[39m[31m[1m^[22m[39m[31m[1m^[22m[39m[31m[1m^[22m[39m[31m[1m^[22m[39m[31m[1m^[22m[39m[31m[1m^[22m[39m[31m[1m^[22m[39m[31m[1m^[22m[39m[31m[1m^[22m[39m[31m[1m^[22m[39m[31m[1m^[22m[39m[31m[1m^[22m[39m
 [90m 6 |[39m
 [90m 7 |[39m [36mexport[39m [36mconst[39m [33mSpotlight[39m [33m=[39m ({
 [90m 8 |[39m     className[33m,[39m[0m

Import map: aliased to relative './app/lib/utils' inside of [project]/apps/cv


Import traces:
  Server Component:
    ./packages/ui/src/components/spotlight.tsx
    ./packages/ui/src/index.tsx
    ./apps/cv/app/layout.tsx

  Client Component Browser:
    ./packages/ui/src/components/spotlight.tsx [Client Component Browser]
    ./packages/ui/src/index.tsx [Client Component Browser]
    ./packages/ui/src/components/project-showcase.tsx [Client Component Browser]
    ./packages/ui/src/components/project-showcase.tsx [Server Component]
    ./packages/ui/src/index.tsx [Server Component]
    ./apps/cv/app/layout.tsx [Server Component]

  Client Component SSR:
    ./packages/ui/src/components/spotlight.tsx [Client Component SSR]
    ./packages/ui/src/index.tsx [Client Component SSR]
    ./packages/ui/src/components/project-showcase.tsx [Client Component SSR]
    ./packages/ui/src/components/project-showcase.tsx [Server Component]
    ./packages/ui/src/index.tsx [Server Component]
    ./apps/cv/app/layout.tsx [Server Component]

https://nextjs.org/docs/messages/module-not-found


./packages/ui/src/components/animated-button.tsx:4:1
Export default doesn't exist in target module
[0m [90m 2 |[39m
 [90m 3 |[39m [36mimport[39m { useRef[33m,[39m [33mMouseEvent[39m } [36mfrom[39m [32m"react"[39m[33m;[39m
[31m[1m>[22m[39m[90m 4 |[39m [36mimport[39m anime [36mfrom[39m [32m"animejs"[39m[33m;[39m
 [90m   |[39m [31m[1m^[22m[39m[31m[1m^[22m[39m[31m[1m^[22m[39m[31m[1m^[22m[39m[31m[1m^[22m[39m[31m[1m^[22m[39m[31m[1m^[22m[39m[31m[1m^[22m[39m[31m[1m^[22m[39m[31m[1m^[22m[39m[31m[1m^[22m[39m[31m[1m^[22m[39m[31m[1m^[22m[39m[31m[1m^[22m[39m[31m[1m^[22m[39m[31m[1m^[22m[39m[31m[1m^[22m[39m[31m[1m^[22m[39m[31m[1m^[22m[39m[31m[1m^[22m[39m[31m[1m^[22m[39m[31m[1m^[22m[39m[31m[1m^[22m[39m[31m[1m^[22m[39m[31m[1m^[22m[39m[31m[1m^[22m[39m[31m[1m^[22m[39m[31m[1m^[22m[39m
 [90m 5 |[39m
 [90m 6 |[39m [36minterface[39m [33mAnimatedButtonProps[39m {
 [90m 7 |[39m     children[33m:[39m [33mReact[39m[33m.[39m[33mReactNode[39m[33m;[39m[0m

The export default was not found in module [project]/node_modules/animejs/dist/modules/index.js [app-client] (ecmascript).
Did you mean to import degToRad?
All exports of the module are statically known (It doesn't have dynamic exports). So it's known statically that the requested export doesn't exist.

Import traces:
  Client Component Browser:
    ./packages/ui/src/components/animated-button.tsx [Client Component Browser]
    ./apps/cv/app/page.tsx [Client Component Browser]
    ./apps/cv/app/page.tsx [Server Component]

  Client Component SSR:
    ./packages/ui/src/components/animated-button.tsx [Client Component SSR]
    ./apps/cv/app/page.tsx [Client Component SSR]
    ./apps/cv/app/page.tsx [Server Component]

  Server Component:
    ./packages/ui/src/components/animated-button.tsx
    ./packages/ui/src/index.tsx
    ./apps/cv/app/layout.tsx


./packages/ui/src/components/animated-button.tsx:4:1
Export default doesn't exist in target module
[0m [90m 2 |[39m
 [90m 3 |[39m [36mimport[39m { useRef[33m,[39m [33mMouseEvent[39m } [36mfrom[39m [32m"react"[39m[33m;[39m
[31m[1m>[22m[39m[90m 4 |[39m [36mimport[39m anime [36mfrom[39m [32m"animejs"[39m[33m;[39m
 [90m   |[39m [31m[1m^[22m[39m[31m[1m^[22m[39m[31m[1m^[22m[39m[31m[1m^[22m[39m[31m[1m^[22m[39m[31m[1m^[22m[39m[31m[1m^[22m[39m[31m[1m^[22m[39m[31m[1m^[22m[39m[31m[1m^[22m[39m[31m[1m^[22m[39m[31m[1m^[22m[39m[31m[1m^[22m[39m[31m[1m^[22m[39m[31m[1m^[22m[39m[31m[1m^[22m[39m[31m[1m^[22m[39m[31m[1m^[22m[39m[31m[1m^[22m[39m[31m[1m^[22m[39m[31m[1m^[22m[39m[31m[1m^[22m[39m[31m[1m^[22m[39m[31m[1m^[22m[39m[31m[1m^[22m[39m[31m[1m^[22m[39m[31m[1m^[22m[39m[31m[1m^[22m[39m
 [90m 5 |[39m
 [90m 6 |[39m [36minterface[39m [33mAnimatedButtonProps[39m {
 [90m 7 |[39m     children[33m:[39m [33mReact[39m[33m.[39m[33mReactNode[39m[33m;[39m[0m

The export default was not found in module [project]/node_modules/animejs/dist/modules/index.js [app-ssr] (ecmascript).
Did you mean to import degToRad?
All exports of the module are statically known (It doesn't have dynamic exports). So it's known statically that the requested export doesn't exist.

Import traces:
  Client Component Browser:
    ./packages/ui/src/components/animated-button.tsx [Client Component Browser]
    ./apps/cv/app/page.tsx [Client Component Browser]
    ./apps/cv/app/page.tsx [Server Component]

  Client Component SSR:
    ./packages/ui/src/components/animated-button.tsx [Client Component SSR]
    ./apps/cv/app/page.tsx [Client Component SSR]
    ./apps/cv/app/page.tsx [Server Component]

  Server Component:
    ./packages/ui/src/components/animated-button.tsx
    ./packages/ui/src/index.tsx
    ./apps/cv/app/layout.tsx


./packages/ui/src/components/animated-hero-text.tsx:4:1
Export default doesn't exist in target module
[0m [90m 2 |[39m
 [90m 3 |[39m [36mimport[39m { useRef[33m,[39m useEffect } [36mfrom[39m [32m"react"[39m[33m;[39m
[31m[1m>[22m[39m[90m 4 |[39m [36mimport[39m anime [36mfrom[39m [32m"animejs"[39m[33m;[39m
 [90m   |[39m [31m[1m^[22m[39m[31m[1m^[22m[39m[31m[1m^[22m[39m[31m[1m^[22m[39m[31m[1m^[22m[39m[31m[1m^[22m[39m[31m[1m^[22m[39m[31m[1m^[22m[39m[31m[1m^[22m[39m[31m[1m^[22m[39m[31m[1m^[22m[39m[31m[1m^[22m[39m[31m[1m^[22m[39m[31m[1m^[22m[39m[31m[1m^[22m[39m[31m[1m^[22m[39m[31m[1m^[22m[39m[31m[1m^[22m[39m[31m[1m^[22m[39m[31m[1m^[22m[39m[31m[1m^[22m[39m[31m[1m^[22m[39m[31m[1m^[22m[39m[31m[1m^[22m[39m[31m[1m^[22m[39m[31m[1m^[22m[39m[31m[1m^[22m[39m[31m[1m^[22m[39m
 [90m 5 |[39m
 [90m 6 |[39m [36minterface[39m [33mAnimatedHeroTextProps[39m {
 [90m 7 |[39m     text[33m:[39m string[33m;[39m[0m

The export default was not found in module [project]/node_modules/animejs/dist/modules/index.js [app-client] (ecmascript).
Did you mean to import degToRad?
All exports of the module are statically known (It doesn't have dynamic exports). So it's known statically that the requested export doesn't exist.

Import traces:
  Server Component:
    ./packages/ui/src/components/animated-hero-text.tsx
    ./packages/ui/src/index.tsx
    ./apps/cv/app/layout.tsx

  Client Component Browser:
    ./packages/ui/src/components/animated-hero-text.tsx [Client Component Browser]
    ./packages/ui/src/index.tsx [Client Component Browser]
    ./apps/cv/app/page.tsx [Client Component Browser]
    ./apps/cv/app/page.tsx [Server Component]

  Client Component SSR:
    ./packages/ui/src/components/animated-hero-text.tsx [Client Component SSR]
    ./packages/ui/src/index.tsx [Client Component SSR]
    ./apps/cv/app/page.tsx [Client Component SSR]
    ./apps/cv/app/page.tsx [Server Component]


./packages/ui/src/components/animated-hero-text.tsx:4:1
Export default doesn't exist in target module
[0m [90m 2 |[39m
 [90m 3 |[39m [36mimport[39m { useRef[33m,[39m useEffect } [36mfrom[39m [32m"react"[39m[33m;[39m
[31m[1m>[22m[39m[90m 4 |[39m [36mimport[39m anime [36mfrom[39m [32m"animejs"[39m[33m;[39m
 [90m   |[39m [31m[1m^[22m[39m[31m[1m^[22m[39m[31m[1m^[22m[39m[31m[1m^[22m[39m[31m[1m^[22m[39m[31m[1m^[22m[39m[31m[1m^[22m[39m[31m[1m^[22m[39m[31m[1m^[22m[39m[31m[1m^[22m[39m[31m[1m^[22m[39m[31m[1m^[22m[39m[31m[1m^[22m[39m[31m[1m^[22m[39m[31m[1m^[22m[39m[31m[1m^[22m[39m[31m[1m^[22m[39m[31m[1m^[22m[39m[31m[1m^[22m[39m[31m[1m^[22m[39m[31m[1m^[22m[39m[31m[1m^[22m[39m[31m[1m^[22m[39m[31m[1m^[22m[39m[31m[1m^[22m[39m[31m[1m^[22m[39m[31m[1m^[22m[39m[31m[1m^[22m[39m
 [90m 5 |[39m
 [90m 6 |[39m [36minterface[39m [33mAnimatedHeroTextProps[39m {
 [90m 7 |[39m     text[33m:[39m string[33m;[39m[0m

The export default was not found in module [project]/node_modules/animejs/dist/modules/index.js [app-ssr] (ecmascript).
Did you mean to import degToRad?
All exports of the module are statically known (It doesn't have dynamic exports). So it's known statically that the requested export doesn't exist.

Import traces:
  Server Component:
    ./packages/ui/src/components/animated-hero-text.tsx
    ./packages/ui/src/index.tsx
    ./apps/cv/app/layout.tsx

  Client Component Browser:
    ./packages/ui/src/components/animated-hero-text.tsx [Client Component Browser]
    ./packages/ui/src/index.tsx [Client Component Browser]
    ./apps/cv/app/page.tsx [Client Component Browser]
    ./apps/cv/app/page.tsx [Server Component]

  Client Component SSR:
    ./packages/ui/src/components/animated-hero-text.tsx [Client Component SSR]
    ./packages/ui/src/index.tsx [Client Component SSR]
    ./apps/cv/app/page.tsx [Client Component SSR]
    ./apps/cv/app/page.tsx [Server Component]


./packages/ui/src/components/preloader.tsx:4:1
Export default doesn't exist in target module
[0m [90m 2 |[39m
 [90m 3 |[39m [36mimport[39m { useEffect[33m,[39m useState } [36mfrom[39m [32m"react"[39m[33m;[39m
[31m[1m>[22m[39m[90m 4 |[39m [36mimport[39m anime [36mfrom[39m [32m"animejs"[39m[33m;[39m
 [90m   |[39m [31m[1m^[22m[39m[31m[1m^[22m[39m[31m[1m^[22m[39m[31m[1m^[22m[39m[31m[1m^[22m[39m[31m[1m^[22m[39m[31m[1m^[22m[39m[31m[1m^[22m[39m[31m[1m^[22m[39m[31m[1m^[22m[39m[31m[1m^[22m[39m[31m[1m^[22m[39m[31m[1m^[22m[39m[31m[1m^[22m[39m[31m[1m^[22m[39m[31m[1m^[22m[39m[31m[1m^[22m[39m[31m[1m^[22m[39m[31m[1m^[22m[39m[31m[1m^[22m[39m[31m[1m^[22m[39m[31m[1m^[22m[39m[31m[1m^[22m[39m[31m[1m^[22m[39m[31m[1m^[22m[39m[31m[1m^[22m[39m[31m[1m^[22m[39m[31m[1m^[22m[39m
 [90m 5 |[39m
 [90m 6 |[39m [36mexport[39m [36mconst[39m [33mPreloader[39m [33m=[39m () [33m=>[39m {
 [90m 7 |[39m     [36mconst[39m [progress[33m,[39m setProgress] [33m=[39m useState([35m0[39m)[33m;[39m[0m

The export default was not found in module [project]/node_modules/animejs/dist/modules/index.js [app-client] (ecmascript).
Did you mean to import degToRad?
All exports of the module are statically known (It doesn't have dynamic exports). So it's known statically that the requested export doesn't exist.

Import traces:
  Server Component:
    ./packages/ui/src/components/preloader.tsx
    ./packages/ui/src/index.tsx
    ./apps/cv/app/layout.tsx

  Client Component Browser:
    ./packages/ui/src/components/preloader.tsx [Client Component Browser]
    ./packages/ui/src/index.tsx [Client Component Browser]
    ./packages/ui/src/components/project-showcase.tsx [Client Component Browser]
    ./packages/ui/src/components/project-showcase.tsx [Server Component]
    ./packages/ui/src/index.tsx [Server Component]
    ./apps/cv/app/layout.tsx [Server Component]

  Client Component SSR:
    ./packages/ui/src/components/preloader.tsx [Client Component SSR]
    ./packages/ui/src/index.tsx [Client Component SSR]
    ./packages/ui/src/components/project-showcase.tsx [Client Component SSR]
    ./packages/ui/src/components/project-showcase.tsx [Server Component]
    ./packages/ui/src/index.tsx [Server Component]
    ./apps/cv/app/layout.tsx [Server Component]


./packages/ui/src/components/preloader.tsx:4:1
Export default doesn't exist in target module
[0m [90m 2 |[39m
 [90m 3 |[39m [36mimport[39m { useEffect[33m,[39m useState } [36mfrom[39m [32m"react"[39m[33m;[39m
[31m[1m>[22m[39m[90m 4 |[39m [36mimport[39m anime [36mfrom[39m [32m"animejs"[39m[33m;[39m
 [90m   |[39m [31m[1m^[22m[39m[31m[1m^[22m[39m[31m[1m^[22m[39m[31m[1m^[22m[39m[31m[1m^[22m[39m[31m[1m^[22m[39m[31m[1m^[22m[39m[31m[1m^[22m[39m[31m[1m^[22m[39m[31m[1m^[22m[39m[31m[1m^[22m[39m[31m[1m^[22m[39m[31m[1m^[22m[39m[31m[1m^[22m[39m[31m[1m^[22m[39m[31m[1m^[22m[39m[31m[1m^[22m[39m[31m[1m^[22m[39m[31m[1m^[22m[39m[31m[1m^[22m[39m[31m[1m^[22m[39m[31m[1m^[22m[39m[31m[1m^[22m[39m[31m[1m^[22m[39m[31m[1m^[22m[39m[31m[1m^[22m[39m[31m[1m^[22m[39m[31m[1m^[22m[39m
 [90m 5 |[39m
 [90m 6 |[39m [36mexport[39m [36mconst[39m [33mPreloader[39m [33m=[39m () [33m=>[39m {
 [90m 7 |[39m     [36mconst[39m [progress[33m,[39m setProgress] [33m=[39m useState([35m0[39m)[33m;[39m[0m

The export default was not found in module [project]/node_modules/animejs/dist/modules/index.js [app-ssr] (ecmascript).
Did you mean to import degToRad?
All exports of the module are statically known (It doesn't have dynamic exports). So it's known statically that the requested export doesn't exist.

Import traces:
  Server Component:
    ./packages/ui/src/components/preloader.tsx
    ./packages/ui/src/index.tsx
    ./apps/cv/app/layout.tsx

  Client Component Browser:
    ./packages/ui/src/components/preloader.tsx [Client Component Browser]
    ./packages/ui/src/index.tsx [Client Component Browser]
    ./packages/ui/src/components/project-showcase.tsx [Client Component Browser]
    ./packages/ui/src/components/project-showcase.tsx [Server Component]
    ./packages/ui/src/index.tsx [Server Component]
    ./apps/cv/app/layout.tsx [Server Component]

  Client Component SSR:
    ./packages/ui/src/components/preloader.tsx [Client Component SSR]
    ./packages/ui/src/index.tsx [Client Component SSR]
    ./packages/ui/src/components/project-showcase.tsx [Client Component SSR]
    ./packages/ui/src/components/project-showcase.tsx [Server Component]
    ./packages/ui/src/index.tsx [Server Component]
    ./apps/cv/app/layout.tsx [Server Component]


    at Module.init (turbopack:///[turbopack-node]/transforms/postcss.ts:43:33) [E:\Portfolio\apps\cv\.next\build\chunks\[root-of-the-server]__0ecc8d8a._.js:129:35])
    at run (turbopack:///[turbopack-node]/ipc/evaluate.ts:77:20) [E:\Portfolio\apps\cv\.next\build\chunks\[root-of-the-server]__4eb608c8._.js:429:26])
    at <unknown> (./packages/ui/src/components/bento-grid.tsx:3:1)
    at <unknown> (https://nextjs.org/docs/messages/module-not-found)
    at <unknown> (./packages/ui/src/components/meteors.tsx:3:1)
    at <unknown> (https://nextjs.org/docs/messages/module-not-found)
    at <unknown> (./packages/ui/src/components/sparkles.tsx:4:1)
    at <unknown> (https://nextjs.org/docs/messages/module-not-found)
    at <unknown> (./packages/ui/src/components/spotlight.tsx:5:1)
    at <unknown> (https://nextjs.org/docs/messages/module-not-found)
    at <unknown> (./packages/ui/src/components/animated-button.tsx:4:1)
    at <unknown> (./packages/ui/src/components/animated-button.tsx:4:1)
    at <unknown> (./packages/ui/src/components/animated-hero-text.tsx:4:1)
    at <unknown> (./packages/ui/src/components/animated-hero-text.tsx:4:1)
    at <unknown> (./packages/ui/src/components/preloader.tsx:4:1)
    at <unknown> (./packages/ui/src/components/preloader.tsx:4:1)
npm ERR! Lifecycle script `build` failed with error: 
npm ERR! Error: command failed 
npm ERR!   in workspace: @geekslab/cv@0.1.0 
npm ERR!   at location: E:\Portfolio\apps\cv 
