
> @geekslab/nexastore@0.1.0 build
> next build

   ▲ Next.js 16.0.8 (Turbopack)

   Creating an optimized production build ...
 ✓ Compiled successfully in 12.7s
   Running TypeScript ...
   Collecting page data using 11 workers ...
   Generating static pages using 11 workers (0/6) ...
   Generating static pages using 11 workers (1/6) 
   Generating static pages using 11 workers (2/6) 
   Generating static pages using 11 workers (4/6) 
 ✓ Generating static pages using 11 workers (6/6) in 3.4s
   Finalizing page optimization ...

Route (app)
┌ ○ /
├ ○ /_not-found
├ ○ /cart
├ ○ /checkout
├ ƒ /products
└ ƒ /products/[slug]


○  (Static)   prerendered as static content
ƒ  (Dynamic)  server-rendered on demand

